## command: uv run pytest tests/unit/test_config.py tests/unit/test_itinerary_pipeline.py -v --tb=short
[1m============================= test session starts =============================[0m
platform win32 -- Python 3.12.13, pytest-9.0.3, pluggy-1.6.0 -- D:\UIT\FILE_UIT_KHMT2023.2\Nam_03\HK2\NT208_LapTrinhWeb\Project\NT208-ai-travel-itinerary-recommendation-system\Backend\.venv\Scripts\python.exe
cachedir: .pytest_cache
rootdir: D:\UIT\FILE_UIT_KHMT2023.2\Nam_03\HK2\NT208_LapTrinhWeb\Project\NT208-ai-travel-itinerary-recommendation-system\Backend
configfile: pyproject.toml
plugins: anyio-4.13.0, asyncio-1.3.0, cov-7.1.0
asyncio: mode=Mode.AUTO, debug=False, asyncio_default_fixture_loop_scope=None, asyncio_default_test_loop_scope=function
[1mcollecting ... [0mcollected 14 items

tests/unit/test_config.py::test_get_settings__default_config__loads_foundation_values [32mPASSED[0m[32m [  7%][0m
tests/unit/test_config.py::test_settings__accepts_goong_map_key_alias [32mPASSED[0m[32m [ 14%][0m
tests/unit/test_config.py::test_settings__accepts_ai_activity_pacing_aliases [32mPASSED[0m[32m [ 21%][0m
tests/unit/test_config.py::test_settings__accepts_goong_map_api_key_alias [32mPASSED[0m[32m [ 28%][0m
tests/unit/test_config.py::test_settings__accepts_chat_quota_alias [32mPASSED[0m[32m [ 35%][0m
tests/unit/test_itinerary_pipeline.py::test_pipeline__not_enough_places__does_not_call_llm [32mPASSED[0m[32m [ 42%][0m
tests/unit/test_itinerary_pipeline.py::test_pipeline__persists_generated_trip_and_nulls_unknown_place [32mPASSED[0m[33m [ 50%][0m
tests/unit/test_itinerary_pipeline.py::test_pipeline__drops_invalid_accommodation_day_ids_and_logs_warning [32mPASSED[0m[33m [ 57%][0m
tests/unit/test_itinerary_pipeline.py::test_pipeline__falls_back_to_exact_name_location_for_activity_image [32mPASSED[0m[33m [ 64%][0m
tests/unit/test_itinerary_pipeline.py::test_pipeline__retries_invalid_output_then_accepts_valid [32mPASSED[0m[33m [ 71%][0m
tests/unit/test_itinerary_pipeline.py::test_pipeline__recomputes_total_and_backfills_missing_costs [32mPASSED[0m[33m [ 78%][0m
tests/unit/test_itinerary_pipeline.py::test_pipeline__accepts_budget_soft_overshoot_when_costs_are_inferred [32mPASSED[0m[33m [ 85%][0m
tests/unit/test_itinerary_pipeline.py::test_pipeline__still_rejects_explicit_over_budget_itinerary [32mPASSED[0m[33m [ 92%][0m
tests/unit/test_itinerary_pipeline.py::test_pipeline__ai_timeout__raises_retryable_timeout_without_persisting [32mPASSED[0m[33m [100%][0m

[33m============================== warnings summary ===============================[0m
tests/unit/test_itinerary_pipeline.py::test_pipeline__not_enough_places__does_not_call_llm
  D:\UIT\FILE_UIT_KHMT2023.2\Nam_03\HK2\NT208_LapTrinhWeb\Project\NT208-ai-travel-itinerary-recommendation-system\Backend\src\itineraries\pipeline.py:297: DeprecationWarning: 'HTTP_422_UNPROCESSABLE_ENTITY' is deprecated. Use 'HTTP_422_UNPROCESSABLE_CONTENT' instead.
    raise ValidationException(

tests/unit/test_itinerary_pipeline.py::test_pipeline__still_rejects_explicit_over_budget_itinerary
  D:\UIT\FILE_UIT_KHMT2023.2\Nam_03\HK2\NT208_LapTrinhWeb\Project\NT208-ai-travel-itinerary-recommendation-system\Backend\src\itineraries\pipeline.py:482: DeprecationWarning: 'HTTP_422_UNPROCESSABLE_ENTITY' is deprecated. Use 'HTTP_422_UNPROCESSABLE_CONTENT' instead.
    raise ValidationException("AI itinerary generation failed validation")

-- Docs: https://docs.pytest.org/en/stable/how-to/capture-warnings.html
[33m======================= [32m14 passed[0m, [33m[1m2 warnings[0m[33m in 2.90s[0m[33m ========================[0m
